[2015-07-17 18:23:12,651]DEBUG210086[http-bio-8080-exec-7] - org.hibernate.loader.Loader.readCollectionElement(Loader.java:1337) - Result set contains (possibly empty) collection: [com.test.domain.Run.children#9]
[2015-07-17 18:23:12,651]DEBUG210086[http-bio-8080-exec-7] - org.hibernate.engine.loading.internal.CollectionLoadContext.endLoadingCollections(CollectionLoadContext.java:227) - No collections were found in result set for role: com.test.domain.Run.children
[2015-07-17 18:23:12,652]DEBUG210087[http-bio-8080-exec-7] - org.hibernate.loader.Loader.loadEntity(Loader.java:2161) - Done entity load
[2015-07-17 18:23:12,652]DEBUG210087[http-bio-8080-exec-7] - org.hibernate.engine.internal.TwoPhaseLoad.doInitializeEntity(TwoPhaseLoad.java:286) - Done materializing entity [com.test.domain.TestResult#34]
[2015-07-17 18:23:12,652]DEBUG210087[http-bio-8080-exec-7] - org.hibernate.engine.internal.TwoPhaseLoad.doInitializeEntity(TwoPhaseLoad.java:160) - Resolving associations for [com.test.domain.Run_TestCase_TestResult#35]
[2015-07-17 18:23:12,652]DEBUG210087[http-bio-8080-exec-7] - org.hibernate.engine.internal.TwoPhaseLoad.doInitializeEntity(TwoPhaseLoad.java:286) - Done materializing entity [com.test.domain.Run_TestCase_TestResult#35]
[2015-07-17 18:23:12,652]DEBUG210087[http-bio-8080-exec-7] - org.hibernate.engine.internal.TwoPhaseLoad.doInitializeEntity(TwoPhaseLoad.java:160) - Resolving associations for [com.test.domain.TestResult#35]
[2015-07-17 18:23:12,653]DEBUG210088[http-bio-8080-exec-7] - org.hibernate.loader.Loader.loadEntity(Loader.java:2137) - Loading entity: [com.test.domain.Run_TestCase_TestResult#35]
[2015-07-17 18:23:12,653]DEBUG210088[http-bio-8080-exec-7] - org.hibernate.engine.jdbc.spi.SqlStatementLogger.logStatement(SqlStatementLogger.java:109) - 
    select
        run_testca0_.id as id1_5_6_,
        run_testca0_.run_id as run_id2_5_6_,
        run_testca0_.testCase_id as testCase3_5_6_,
        run_testca0_.testResult_id as testResu4_5_6_,
        run1_.id as id1_4_0_,
        run1_.buildNumber as buildNum2_4_0_,
        run1_.endTime as endTime3_4_0_,
        run1_.environment_id as environm6_4_0_,
        run1_.parent_id as parent_i7_4_0_,
        run1_.startTime as startTim4_4_0_,
        run1_.tag as tag5_4_0_,
        children2_.parent_id as parent_i7_4_8_,
        children2_.id as id1_4_8_,
        children2_.id as id1_4_1_,
        children2_.buildNumber as buildNum2_4_1_,
        children2_.endTime as endTime3_4_1_,
        children2_.environment_id as environm6_4_1_,
        children2_.parent_id as parent_i7_4_1_,
        children2_.startTime as startTim4_4_1_,
        children2_.tag as tag5_4_1_,
        environmen3_.id as id1_2_2_,
        environmen3_.datanodes as datanode2_2_2_,
        environmen3_.deploymentType as deployme3_2_2_,
        environmen3_.haEnabled as haEnable4_2_2_,
        environmen3_.master as master5_2_2_,
        environmen3_.name as name6_2_2_,
        environmen3_.productName as productN7_2_2_,
        testcase4_.id as id1_6_3_,
        testcase4_.name as name2_6_3_,
        testcase4_.testSuite_id as testSuit4_6_3_,
        testcase4_.testType as testType3_6_3_,
        testsuite5_.id as id1_8_4_,
        testsuite5_.name as name2_8_4_,
        testresult6_.id as id1_7_5_,
        testresult6_.endTime as endTime2_7_5_,
        testresult6_.result as result3_7_5_,
        testresult6_.startTime as startTim4_7_5_ 
    from
        Run_TestCase_TestResult run_testca0_ 
    left outer join
        Run run1_ 
            on run_testca0_.run_id=run1_.id 
    left outer join
        Run children2_ 
            on run1_.id=children2_.parent_id 
    left outer join
        Environment environmen3_ 
            on run1_.environment_id=environmen3_.id 
    left outer join
        TestCase testcase4_ 
            on run_testca0_.testCase_id=testcase4_.id 
    left outer join
        TestSuite testsuite5_ 
            on testcase4_.testSuite_id=testsuite5_.id 
    left outer join
        TestResult testresult6_ 
            on run_testca0_.testResult_id=testresult6_.id 
    where
        run_testca0_.testResult_id=?
[2015-07-17 18:23:12,654]DEBUG210089[http-bio-8080-exec-7] - org.hibernate.loader.Loader.processResultSet(Loader.java:952) - Result set row: 0
[2015-07-17 18:23:12,654]DEBUG210089[http-bio-8080-exec-7] - org.hibernate.loader.Loader.getRow(Loader.java:1486) - Result row: EntityKey[com.test.domain.Run#9], null, EntityKey[com.test.domain.Environment#2], EntityKey[com.test.domain.TestCase#9], EntityKey[com.test.domain.TestSuite#3], EntityKey[com.test.domain.TestResult#35], EntityKey[com.test.domain.Run_TestCase_TestResult#35]
[2015-07-17 18:23:12,654]DEBUG210089[http-bio-8080-exec-7] - org.hibernate.loader.Loader.readCollectionElement(Loader.java:1337) - Result set contains (possibly empty) collection: [com.test.domain.Run.children#9]
[2015-07-17 18:23:12,654]DEBUG210089[http-bio-8080-exec-7] - org.hibernate.engine.loading.internal.CollectionLoadContext.endLoadingCollections(CollectionLoadContext.java:227) - No collections were found in result set for role: com.test.domain.Run.children
[2015-07-17 18:23:12,655]DEBUG210090[http-bio-8080-exec-7] - org.hibernate.loader.Loader.loadEntity(Loader.java:2161) - Done entity load
[2015-07-17 18:23:12,655]DEBUG210090[http-bio-8080-exec-7] - org.hibernate.engine.internal.TwoPhaseLoad.doInitializeEntity(TwoPhaseLoad.java:286) - Done materializing entity [com.test.domain.TestResult#35]
[2015-07-17 18:23:12,655]DEBUG210090[http-bio-8080-exec-7] - org.hibernate.engine.internal.TwoPhaseLoad.doInitializeEntity(TwoPhaseLoad.java:160) - Resolving associations for [com.test.domain.Run_TestCase_TestResult#36]
[2015-07-17 18:23:12,655]DEBUG210090[http-bio-8080-exec-7] - org.hibernate.engine.internal.TwoPhaseLoad.doInitializeEntity(TwoPhaseLoad.java:286) - Done materializing entity [com.test.domain.Run_TestCase_TestResult#36]
[2015-07-17 18:23:12,656]DEBUG210091[http-bio-8080-exec-7] - org.hibernate.engine.internal.TwoPhaseLoad.doInitializeEntity(TwoPhaseLoad.java:160) - Resolving associations for [com.test.domain.TestResult#36]
[2015-07-17 18:23:12,656]DEBUG210091[http-bio-8080-exec-7] - org.hibernate.loader.Loader.loadEntity(Loader.java:2137) - Loading entity: [com.test.domain.Run_TestCase_TestResult#36]
[2015-07-17 18:23:12,656]DEBUG210091[http-bio-8080-exec-7] - org.hibernate.engine.jdbc.spi.SqlStatementLogger.logStatement(SqlStatementLogger.java:109) - 
    select
        run_testca0_.id as id1_5_6_,
        run_testca0_.run_id as run_id2_5_6_,
        run_testca0_.testCase_id as testCase3_5_6_,
        run_testca0_.testResult_id as testResu4_5_6_,
        run1_.id as id1_4_0_,
        run1_.buildNumber as buildNum2_4_0_,
        run1_.endTime as endTime3_4_0_,
        run1_.environment_id as environm6_4_0_,
        run1_.parent_id as parent_i7_4_0_,
        run1_.startTime as startTim4_4_0_,
        run1_.tag as tag5_4_0_,
        children2_.parent_id as parent_i7_4_8_,
        children2_.id as id1_4_8_,
        children2_.id as id1_4_1_,
        children2_.buildNumber as buildNum2_4_1_,
        children2_.endTime as endTime3_4_1_,
        children2_.environment_id as environm6_4_1_,
        children2_.parent_id as parent_i7_4_1_,
        children2_.startTime as startTim4_4_1_,
        children2_.tag as tag5_4_1_,
        environmen3_.id as id1_2_2_,
        environmen3_.datanodes as datanode2_2_2_,
        environmen3_.deploymentType as deployme3_2_2_,
        environmen3_.haEnabled as haEnable4_2_2_,
        environmen3_.master as master5_2_2_,
        environmen3_.name as name6_2_2_,
        environmen3_.productName as productN7_2_2_,
        testcase4_.id as id1_6_3_,
        testcase4_.name as name2_6_3_,
        testcase4_.testSuite_id as testSuit4_6_3_,
        testcase4_.testType as testType3_6_3_,
        testsuite5_.id as id1_8_4_,
        testsuite5_.name as name2_8_4_,
        testresult6_.id as id1_7_5_,
        testresult6_.endTime as endTime2_7_5_,
        testresult6_.result as result3_7_5_,
        testresult6_.startTime as startTim4_7_5_ 
    from
        Run_TestCase_TestResult run_testca0_ 
    left outer join
        Run run1_ 
            on run_testca0_.run_id=run1_.id 
    left outer join
        Run children2_ 
            on run1_.id=children2_.parent_id 
    left outer join
        Environment environmen3_ 
            on run1_.environment_id=environmen3_.id 
    left outer join
        TestCase testcase4_ 
            on run_testca0_.testCase_id=testcase4_.id 
    left outer join
        TestSuite testsuite5_ 
            on testcase4_.testSuite_id=testsuite5_.id 
    left outer join
        TestResult testresult6_ 
            on run_testca0_.testResult_id=testresult6_.id 
    where
        run_testca0_.testResult_id=?
[2015-07-17 18:23:12,657]DEBUG210092[http-bio-8080-exec-7] - org.hibernate.loader.Loader.processResultSet(Loader.java:952) - Result set row: 0
[2015-07-17 18:23:12,657]DEBUG210092[http-bio-8080-exec-7] - org.hibernate.loader.Loader.getRow(Loader.java:1486) - Result row: EntityKey[com.test.domain.Run#9], null, EntityKey[com.test.domain.Environment#2], EntityKey[com.test.domain.TestCase#10], EntityKey[com.test.domain.TestSuite#3], EntityKey[com.test.domain.TestResult#36], EntityKey[com.test.domain.Run_TestCase_TestResult#36]
[2015-07-17 18:23:12,657]DEBUG210092[http-bio-8080-exec-7] - org.hibernate.loader.Loader.readCollectionElement(Loader.java:1337) - Result set contains (possibly empty) collection: [com.test.domain.Run.children#9]
[2015-07-17 18:23:12,658]DEBUG210093[http-bio-8080-exec-7] - org.hibernate.engine.loading.internal.CollectionLoadContext.endLoadingCollections(CollectionLoadContext.java:227) - No collections were found in result set for role: com.test.domain.Run.children
[2015-07-17 18:23:12,658]DEBUG210093[http-bio-8080-exec-7] - org.hibernate.loader.Loader.loadEntity(Loader.java:2161) - Done entity load
[2015-07-17 18:23:12,658]DEBUG210093[http-bio-8080-exec-7] - org.hibernate.engine.internal.TwoPhaseLoad.doInitializeEntity(TwoPhaseLoad.java:286) - Done materializing entity [com.test.domain.TestResult#36]
[2015-07-17 18:23:12,658]DEBUG210093[http-bio-8080-exec-7] - org.hibernate.engine.internal.TwoPhaseLoad.doInitializeEntity(TwoPhaseLoad.java:160) - Resolving associations for [com.test.domain.Run_TestCase_TestResult#37]
[2015-07-17 18:23:12,658]DEBUG210093[http-bio-8080-exec-7] - org.hibernate.engine.internal.TwoPhaseLoad.doInitializeEntity(TwoPhaseLoad.java:286) - Done materializing entity [com.test.domain.Run_TestCase_TestResult#37]
[2015-07-17 18:23:12,659]DEBUG210094[http-bio-8080-exec-7] - org.hibernate.engine.internal.TwoPhaseLoad.doInitializeEntity(TwoPhaseLoad.java:160) - Resolving associations for [com.test.domain.TestResult#37]
[2015-07-17 18:23:12,659]DEBUG210094[http-bio-8080-exec-7] - org.hibernate.loader.Loader.loadEntity(Loader.java:2137) - Loading entity: [com.test.domain.Run_TestCase_TestResult#37]
[2015-07-17 18:23:12,659]DEBUG210094[http-bio-8080-exec-7] - org.hibernate.engine.jdbc.spi.SqlStatementLogger.logStatement(SqlStatementLogger.java:109) - 
    select
        run_testca0_.id as id1_5_6_,
        run_testca0_.run_id as run_id2_5_6_,
        run_testca0_.testCase_id as testCase3_5_6_,
        run_testca0_.testResult_id as testResu4_5_6_,
        run1_.id as id1_4_0_,
        run1_.buildNumber as buildNum2_4_0_,
        run1_.endTime as endTime3_4_0_,
        run1_.environment_id as environm6_4_0_,
        run1_.parent_id as parent_i7_4_0_,
        run1_.startTime as startTim4_4_0_,
        run1_.tag as tag5_4_0_,
        children2_.parent_id as parent_i7_4_8_,
        children2_.id as id1_4_8_,
        children2_.id as id1_4_1_,
        children2_.buildNumber as buildNum2_4_1_,
        children2_.endTime as endTime3_4_1_,
        children2_.environment_id as environm6_4_1_,
        children2_.parent_id as parent_i7_4_1_,
        children2_.startTime as startTim4_4_1_,
        children2_.tag as tag5_4_1_,
        environmen3_.id as id1_2_2_,
        environmen3_.datanodes as datanode2_2_2_,
        environmen3_.deploymentType as deployme3_2_2_,
        environmen3_.haEnabled as haEnable4_2_2_,
        environmen3_.master as master5_2_2_,
        environmen3_.name as name6_2_2_,
        environmen3_.productName as productN7_2_2_,
        testcase4_.id as id1_6_3_,
        testcase4_.name as name2_6_3_,
        testcase4_.testSuite_id as testSuit4_6_3_,
        testcase4_.testType as testType3_6_3_,
        testsuite5_.id as id1_8_4_,
        testsuite5_.name as name2_8_4_,
        testresult6_.id as id1_7_5_,
        testresult6_.endTime as endTime2_7_5_,
        testresult6_.result as result3_7_5_,
        testresult6_.startTime as startTim4_7_5_ 
    from
        Run_TestCase_TestResult run_testca0_ 
    left outer join
        Run run1_ 
            on run_testca0_.run_id=run1_.id 
    left outer join
        Run children2_ 
            on run1_.id=children2_.parent_id 
    left outer join
        Environment environmen3_ 
            on run1_.environment_id=environmen3_.id 
    left outer join
        TestCase testcase4_ 
            on run_testca0_.testCase_id=testcase4_.id 
    left outer join
        TestSuite testsuite5_ 
            on testcase4_.testSuite_id=testsuite5_.id 
    left outer join
        TestResult testresult6_ 
            on run_testca0_.testResult_id=testresult6_.id 
    where
        run_testca0_.testResult_id=?
[2015-07-17 18:23:12,660]DEBUG210095[http-bio-8080-exec-7] - org.hibernate.loader.Loader.processResultSet(Loader.java:952) - Result set row: 0
[2015-07-17 18:23:12,660]DEBUG210095[http-bio-8080-exec-7] - org.hibernate.loader.Loader.getRow(Loader.java:1486) - Result row: EntityKey[com.test.domain.Run#9], null, EntityKey[com.test.domain.Environment#2], EntityKey[com.test.domain.TestCase#11], EntityKey[com.test.domain.TestSuite#3], EntityKey[com.test.domain.TestResult#37], EntityKey[com.test.domain.Run_TestCase_TestResult#37]
[2015-07-17 18:23:12,660]DEBUG210095[http-bio-8080-exec-7] - org.hibernate.loader.Loader.readCollectionElement(Loader.java:1337) - Result set contains (possibly empty) collection: [com.test.domain.Run.children#9]
[2015-07-17 18:23:12,661]DEBUG210096[http-bio-8080-exec-7] - org.hibernate.engine.loading.internal.CollectionLoadContext.endLoadingCollections(CollectionLoadContext.java:227) - No collections were found in result set for role: com.test.domain.Run.children
[2015-07-17 18:23:12,661]DEBUG210096[http-bio-8080-exec-7] - org.hibernate.loader.Loader.loadEntity(Loader.java:2161) - Done entity load
[2015-07-17 18:23:12,661]DEBUG210096[http-bio-8080-exec-7] - org.hibernate.engine.internal.TwoPhaseLoad.doInitializeEntity(TwoPhaseLoad.java:286) - Done materializing entity [com.test.domain.TestResult#37]
[2015-07-17 18:23:12,661]DEBUG210096[http-bio-8080-exec-7] - org.hibernate.engine.loading.internal.CollectionLoadContext.endLoadingCollections(CollectionLoadContext.java:234) - 1 collections were found in result set for role: com.test.domain.Run.run_TestCase_TestResults
[2015-07-17 18:23:12,661]DEBUG210096[http-bio-8080-exec-7] - org.hibernate.engine.loading.internal.CollectionLoadContext.endLoadingCollection(CollectionLoadContext.java:282) - Collection fully initialized: [com.test.domain.Run.run_TestCase_TestResults#9]
[2015-07-17 18:23:12,662]DEBUG210097[http-bio-8080-exec-7] - org.hibernate.engine.loading.internal.CollectionLoadContext.endLoadingCollections(CollectionLoadContext.java:242) - 1 collections initialized for role: com.test.domain.Run.run_TestCase_TestResults
[2015-07-17 18:23:12,662]DEBUG210097[http-bio-8080-exec-7] - org.hibernate.loader.collection.plan.AbstractLoadPlanBasedCollectionInitializer.initialize(AbstractLoadPlanBasedCollectionInitializer.java:118) - Done loading collection
[2015-07-17 18:23:12,662]DEBUG210097[http-bio-8080-exec-7] - org.hibernate.loader.collection.plan.AbstractLoadPlanBasedCollectionInitializer.initialize(AbstractLoadPlanBasedCollectionInitializer.java:88) - Loading collection: [com.test.domain.Run.run_TestCase_TestResults#11]
[2015-07-17 18:23:12,662]DEBUG210097[http-bio-8080-exec-7] - org.hibernate.engine.jdbc.spi.SqlStatementLogger.logStatement(SqlStatementLogger.java:109) - 
    select
        run_testca0_.run_id as run_id2_4_0_,
        run_testca0_.id as id1_5_0_,
        run_testca0_.id as id1_5_1_,
        run_testca0_.run_id as run_id2_5_1_,
        run_testca0_.testCase_id as testCase3_5_1_,
        run_testca0_.testResult_id as testResu4_5_1_,
        testcase1_.id as id1_6_2_,
        testcase1_.name as name2_6_2_,
        testcase1_.testSuite_id as testSuit4_6_2_,
        testcase1_.testType as testType3_6_2_,
        testsuite2_.id as id1_8_3_,
        testsuite2_.name as name2_8_3_,
        testresult3_.id as id1_7_4_,
        testresult3_.endTime as endTime2_7_4_,
        testresult3_.result as result3_7_4_,
        testresult3_.startTime as startTim4_7_4_ 
    from
        Run_TestCase_TestResult run_testca0_ 
    left outer join
        TestCase testcase1_ 
            on run_testca0_.testCase_id=testcase1_.id 
    left outer join
        TestSuite testsuite2_ 
            on testcase1_.testSuite_id=testsuite2_.id 
    left outer join
        TestResult testresult3_ 
            on run_testca0_.testResult_id=testresult3_.id 
    where
        run_testca0_.run_id=?
[2015-07-17 18:23:12,663]DEBUG210098[http-bio-8080-exec-7] - org.hibernate.loader.plan.exec.process.internal.ResultSetProcessorImpl.handlePotentiallyEmptyCollectionRootReturns(ResultSetProcessorImpl.java:168) - Preparing collection intializer : [com.test.domain.Run.run_TestCase_TestResults#11]
[2015-07-17 18:23:12,663]DEBUG210098[http-bio-8080-exec-7] - org.hibernate.loader.plan.exec.process.internal.ResultSetProcessorImpl.extractResults(ResultSetProcessorImpl.java:127) - Starting ResultSet row #0
[2015-07-17 18:23:12,664]DEBUG210099[http-bio-8080-exec-7] - org.hibernate.loader.plan.exec.process.internal.CollectionReferenceInitializerImpl.finishUpRow(CollectionReferenceInitializerImpl.java:77) - Found row of collection: [com.test.domain.Run.run_TestCase_TestResults#11]
[2015-07-17 18:23:12,664]DEBUG210099[http-bio-8080-exec-7] - org.hibernate.loader.plan.exec.process.internal.ResultSetProcessorImpl.extractResults(ResultSetProcessorImpl.java:127) - Starting ResultSet row #1
[2015-07-17 18:23:12,664]DEBUG210099[http-bio-8080-exec-7] - org.hibernate.loader.plan.exec.process.internal.CollectionReferenceInitializerImpl.finishUpRow(CollectionReferenceInitializerImpl.java:77) - Found row of collection: [com.test.domain.Run.run_TestCase_TestResults#11]
[2015-07-17 18:23:12,664]DEBUG210099[http-bio-8080-exec-7] - org.hibernate.loader.plan.exec.process.internal.ResultSetProcessorImpl.extractResults(ResultSetProcessorImpl.java:127) - Starting ResultSet row #2
[2015-07-17 18:23:12,664]DEBUG210099[http-bio-8080-exec-7] - org.hibernate.loader.plan.exec.process.internal.CollectionReferenceInitializerImpl.finishUpRow(CollectionReferenceInitializerImpl.java:77) - Found row of collection: [com.test.domain.Run.run_TestCase_TestResults#11]
[2015-07-17 18:23:12,665]DEBUG210100[http-bio-8080-exec-7] - org.hibernate.engine.internal.TwoPhaseLoad.doInitializeEntity(TwoPhaseLoad.java:160) - Resolving associations for [com.test.domain.Run_TestCase_TestResult#38]
[2015-07-17 18:23:12,665]DEBUG210100[http-bio-8080-exec-7] - org.hibernate.engine.internal.TwoPhaseLoad.doInitializeEntity(TwoPhaseLoad.java:286) - Done materializing entity [com.test.domain.Run_TestCase_TestResult#38]
[2015-07-17 18:23:12,665]DEBUG210100[http-bio-8080-exec-7] - org.hibernate.engine.internal.TwoPhaseLoad.doInitializeEntity(TwoPhaseLoad.java:160) - Resolving associations for [com.test.domain.TestResult#38]
[2015-07-17 18:23:12,665]DEBUG210100[http-bio-8080-exec-7] - org.hibernate.loader.Loader.loadEntity(Loader.java:2137) - Loading entity: [com.test.domain.Run_TestCase_TestResult#38]
[2015-07-17 18:23:12,666]DEBUG210101[http-bio-8080-exec-7] - org.hibernate.engine.jdbc.spi.SqlStatementLogger.logStatement(SqlStatementLogger.java:109) - 
    select
        run_testca0_.id as id1_5_6_,
        run_testca0_.run_id as run_id2_5_6_,
        run_testca0_.testCase_id as testCase3_5_6_,
        run_testca0_.testResult_id as testResu4_5_6_,
        run1_.id as id1_4_0_,
        run1_.buildNumber as buildNum2_4_0_,
        run1_.endTime as endTime3_4_0_,
        run1_.environment_id as environm6_4_0_,
        run1_.parent_id as parent_i7_4_0_,
        run1_.startTime as startTim4_4_0_,
        run1_.tag as tag5_4_0_,
        children2_.parent_id as parent_i7_4_8_,
        children2_.id as id1_4_8_,
        children2_.id as id1_4_1_,
        children2_.buildNumber as buildNum2_4_1_,
        children2_.endTime as endTime3_4_1_,
        children2_.environment_id as environm6_4_1_,
        children2_.parent_id as parent_i7_4_1_,
        children2_.startTime as startTim4_4_1_,
        children2_.tag as tag5_4_1_,
        environmen3_.id as id1_2_2_,
        environmen3_.datanodes as datanode2_2_2_,
        environmen3_.deploymentType as deployme3_2_2_,
        environmen3_.haEnabled as haEnable4_2_2_,
        environmen3_.master as master5_2_2_,
        environmen3_.name as name6_2_2_,
        environmen3_.productName as productN7_2_2_,
        testcase4_.id as id1_6_3_,
        testcase4_.name as name2_6_3_,
        testcase4_.testSuite_id as testSuit4_6_3_,
        testcase4_.testType as testType3_6_3_,
        testsuite5_.id as id1_8_4_,
        testsuite5_.name as name2_8_4_,
        testresult6_.id as id1_7_5_,
        testresult6_.endTime as endTime2_7_5_,
        testresult6_.result as result3_7_5_,
        testresult6_.startTime as startTim4_7_5_ 
    from
        Run_TestCase_TestResult run_testca0_ 
    left outer join
        Run run1_ 
            on run_testca0_.run_id=run1_.id 
    left outer join
        Run children2_ 
            on run1_.id=children2_.parent_id 
    left outer join
        Environment environmen3_ 
            on run1_.environment_id=environmen3_.id 
    left outer join
        TestCase testcase4_ 
            on run_testca0_.testCase_id=testcase4_.id 
    left outer join
        TestSuite testsuite5_ 
            on testcase4_.testSuite_id=testsuite5_.id 
    left outer join
        TestResult testresult6_ 
            on run_testca0_.testResult_id=testresult6_.id 
    where
        run_testca0_.testResult_id=?
[2015-07-17 18:23:12,666]DEBUG210101[http-bio-8080-exec-7] - org.hibernate.loader.Loader.processResultSet(Loader.java:952) - Result set row: 0
[2015-07-17 18:23:12,667]DEBUG210102[http-bio-8080-exec-7] - org.hibernate.loader.Loader.getRow(Loader.java:1486) - Result row: EntityKey[com.test.domain.Run#11], null, EntityKey[com.test.domain.Environment#1], EntityKey[com.test.domain.TestCase#1], EntityKey[com.test.domain.TestSuite#1], EntityKey[com.test.domain.TestResult#38], EntityKey[com.test.domain.Run_TestCase_TestResult#38]
[2015-07-17 18:23:12,667]DEBUG210102[http-bio-8080-exec-7] - org.hibernate.loader.Loader.readCollectionElement(Loader.java:1337) - Result set contains (possibly empty) collection: [com.test.domain.Run.children#11]
[2015-07-17 18:23:12,667]DEBUG210102[http-bio-8080-exec-7] - org.hibernate.engine.loading.internal.CollectionLoadContext.endLoadingCollections(CollectionLoadContext.java:227) - No collections were found in result set for role: com.test.domain.Run.children
[2015-07-17 18:23:12,667]DEBUG210102[http-bio-8080-exec-7] - org.hibernate.loader.Loader.loadEntity(Loader.java:2161) - Done entity load
[2015-07-17 18:23:12,668]DEBUG210103[http-bio-8080-exec-7] - org.hibernate.engine.internal.TwoPhaseLoad.doInitializeEntity(TwoPhaseLoad.java:286) - Done materializing entity [com.test.domain.TestResult#38]
[2015-07-17 18:23:12,668]DEBUG210103[http-bio-8080-exec-7] - org.hibernate.engine.internal.TwoPhaseLoad.doInitializeEntity(TwoPhaseLoad.java:160) - Resolving associations for [com.test.domain.Run_TestCase_TestResult#39]
[2015-07-17 18:23:12,668]DEBUG210103[http-bio-8080-exec-7] - org.hibernate.engine.internal.TwoPhaseLoad.doInitializeEntity(TwoPhaseLoad.java:286) - Done materializing entity [com.test.domain.Run_TestCase_TestResult#39]
[2015-07-17 18:23:12,668]DEBUG210103[http-bio-8080-exec-7] - org.hibernate.engine.internal.TwoPhaseLoad.doInitializeEntity(TwoPhaseLoad.java:160) - Resolving associations for [com.test.domain.TestCase#12]
[2015-07-17 18:23:12,668]DEBUG210103[http-bio-8080-exec-7] - org.hibernate.engine.internal.TwoPhaseLoad.doInitializeEntity(TwoPhaseLoad.java:286) - Done materializing entity [com.test.domain.TestCase#12]
[2015-07-17 18:23:12,668]DEBUG210103[http-bio-8080-exec-7] - org.hibernate.engine.internal.TwoPhaseLoad.doInitializeEntity(TwoPhaseLoad.java:160) - Resolving associations for [com.test.domain.TestResult#39]
[2015-07-17 18:23:12,669]DEBUG210104[http-bio-8080-exec-7] - org.hibernate.loader.Loader.loadEntity(Loader.java:2137) - Loading entity: [com.test.domain.Run_TestCase_TestResult#39]
[2015-07-17 18:23:12,669]DEBUG210104[http-bio-8080-exec-7] - org.hibernate.engine.jdbc.spi.SqlStatementLogger.logStatement(SqlStatementLogger.java:109) - 
    select
        run_testca0_.id as id1_5_6_,
        run_testca0_.run_id as run_id2_5_6_,
        run_testca0_.testCase_id as testCase3_5_6_,
        run_testca0_.testResult_id as testResu4_5_6_,
        run1_.id as id1_4_0_,
        run1_.buildNumber as buildNum2_4_0_,
        run1_.endTime as endTime3_4_0_,
        run1_.environment_id as environm6_4_0_,
        run1_.parent_id as parent_i7_4_0_,
        run1_.startTime as startTim4_4_0_,
        run1_.tag as tag5_4_0_,
        children2_.parent_id as parent_i7_4_8_,
        children2_.id as id1_4_8_,
        children2_.id as id1_4_1_,
        children2_.buildNumber as buildNum2_4_1_,
        children2_.endTime as endTime3_4_1_,
        children2_.environment_id as environm6_4_1_,
        children2_.parent_id as parent_i7_4_1_,
        children2_.startTime as startTim4_4_1_,
        children2_.tag as tag5_4_1_,
        environmen3_.id as id1_2_2_,
        environmen3_.datanodes as datanode2_2_2_,
        environmen3_.deploymentType as deployme3_2_2_,
        environmen3_.haEnabled as haEnable4_2_2_,
        environmen3_.master as master5_2_2_,
        environmen3_.name as name6_2_2_,
        environmen3_.productName as productN7_2_2_,
        testcase4_.id as id1_6_3_,
        testcase4_.name as name2_6_3_,
        testcase4_.testSuite_id as testSuit4_6_3_,
        testcase4_.testType as testType3_6_3_,
        testsuite5_.id as id1_8_4_,
        testsuite5_.name as name2_8_4_,
        testresult6_.id as id1_7_5_,
        testresult6_.endTime as endTime2_7_5_,
        testresult6_.result as result3_7_5_,
        testresult6_.startTime as startTim4_7_5_ 
    from
        Run_TestCase_TestResult run_testca0_ 
    left outer join
        Run run1_ 
            on run_testca0_.run_id=run1_.id 
    left outer join
        Run children2_ 
            on run1_.id=children2_.parent_id 
    left outer join
        Environment environmen3_ 
            on run1_.environment_id=environmen3_.id 
    left outer join
        TestCase testcase4_ 
            on run_testca0_.testCase_id=testcase4_.id 
    left outer join
        TestSuite testsuite5_ 
            on testcase4_.testSuite_id=testsuite5_.id 
    left outer join
        TestResult testresult6_ 
            on run_testca0_.testResult_id=testresult6_.id 
    where
        run_testca0_.testResult_id=?
[2015-07-17 18:23:12,670]DEBUG210105[http-bio-8080-exec-7] - org.hibernate.loader.Loader.processResultSet(Loader.java:952) - Result set row: 0
[2015-07-17 18:23:12,670]DEBUG210105[http-bio-8080-exec-7] - org.hibernate.loader.Loader.getRow(Loader.java:1486) - Result row: EntityKey[com.test.domain.Run#11], null, EntityKey[com.test.domain.Environment#1], EntityKey[com.test.domain.TestCase#12], EntityKey[com.test.domain.TestSuite#1], EntityKey[com.test.domain.TestResult#39], EntityKey[com.test.domain.Run_TestCase_TestResult#39]
[2015-07-17 18:23:12,670]DEBUG210105[http-bio-8080-exec-7] - org.hibernate.loader.Loader.readCollectionElement(Loader.java:1337) - Result set contains (possibly empty) collection: [com.test.domain.Run.children#11]
[2015-07-17 18:23:12,670]DEBUG210105[http-bio-8080-exec-7] - org.hibernate.engine.loading.internal.CollectionLoadContext.endLoadingCollections(CollectionLoadContext.java:227) - No collections were found in result set for role: com.test.domain.Run.children
[2015-07-17 18:23:12,671]DEBUG210106[http-bio-8080-exec-7] - org.hibernate.loader.Loader.loadEntity(Loader.java:2161) - Done entity load
[2015-07-17 18:23:12,671]DEBUG210106[http-bio-8080-exec-7] - org.hibernate.engine.internal.TwoPhaseLoad.doInitializeEntity(TwoPhaseLoad.java:286) - Done materializing entity [com.test.domain.TestResult#39]
[2015-07-17 18:23:12,671]DEBUG210106[http-bio-8080-exec-7] - org.hibernate.engine.internal.TwoPhaseLoad.doInitializeEntity(TwoPhaseLoad.java:160) - Resolving associations for [com.test.domain.Run_TestCase_TestResult#40]
[2015-07-17 18:23:12,671]DEBUG210106[http-bio-8080-exec-7] - org.hibernate.engine.internal.TwoPhaseLoad.doInitializeEntity(TwoPhaseLoad.java:286) - Done materializing entity [com.test.domain.Run_TestCase_TestResult#40]
[2015-07-17 18:23:12,671]DEBUG210106[http-bio-8080-exec-7] - org.hibernate.engine.internal.TwoPhaseLoad.doInitializeEntity(TwoPhaseLoad.java:160) - Resolving associations for [com.test.domain.TestCase#13]
[2015-07-17 18:23:12,672]DEBUG210107[http-bio-8080-exec-7] - org.hibernate.engine.internal.TwoPhaseLoad.doInitializeEntity(TwoPhaseLoad.java:286) - Done materializing entity [com.test.domain.TestCase#13]
[2015-07-17 18:23:12,672]DEBUG210107[http-bio-8080-exec-7] - org.hibernate.engine.internal.TwoPhaseLoad.doInitializeEntity(TwoPhaseLoad.java:160) - Resolving associations for [com.test.domain.TestResult#40]
[2015-07-17 18:23:12,672]DEBUG210107[http-bio-8080-exec-7] - org.hibernate.loader.Loader.loadEntity(Loader.java:2137) - Loading entity: [com.test.domain.Run_TestCase_TestResult#40]
[2015-07-17 18:23:12,672]DEBUG210107[http-bio-8080-exec-7] - org.hibernate.engine.jdbc.spi.SqlStatementLogger.logStatement(SqlStatementLogger.java:109) - 
    select
        run_testca0_.id as id1_5_6_,
        run_testca0_.run_id as run_id2_5_6_,
        run_testca0_.testCase_id as testCase3_5_6_,
        run_testca0_.testResult_id as testResu4_5_6_,
        run1_.id as id1_4_0_,
        run1_.buildNumber as buildNum2_4_0_,
        run1_.endTime as endTime3_4_0_,
        run1_.environment_id as environm6_4_0_,
        run1_.parent_id as parent_i7_4_0_,
        run1_.startTime as startTim4_4_0_,
        run1_.tag as tag5_4_0_,
        children2_.parent_id as parent_i7_4_8_,
        children2_.id as id1_4_8_,
        children2_.id as id1_4_1_,
        children2_.buildNumber as buildNum2_4_1_,
        children2_.endTime as endTime3_4_1_,
        children2_.environment_id as environm6_4_1_,
        children2_.parent_id as parent_i7_4_1_,
        children2_.startTime as startTim4_4_1_,
        children2_.tag as tag5_4_1_,
        environmen3_.id as id1_2_2_,
        environmen3_.datanodes as datanode2_2_2_,
        environmen3_.deploymentType as deployme3_2_2_,
        environmen3_.haEnabled as haEnable4_2_2_,
        environmen3_.master as master5_2_2_,
        environmen3_.name as name6_2_2_,
        environmen3_.productName as productN7_2_2_,
        testcase4_.id as id1_6_3_,
        testcase4_.name as name2_6_3_,
        testcase4_.testSuite_id as testSuit4_6_3_,
        testcase4_.testType as testType3_6_3_,
        testsuite5_.id as id1_8_4_,
        testsuite5_.name as name2_8_4_,
        testresult6_.id as id1_7_5_,
        testresult6_.endTime as endTime2_7_5_,
        testresult6_.result as result3_7_5_,
        testresult6_.startTime as startTim4_7_5_ 
    from
        Run_TestCase_TestResult run_testca0_ 
    left outer join
        Run run1_ 
            on run_testca0_.run_id=run1_.id 
    left outer join
        Run children2_ 
            on run1_.id=children2_.parent_id 
    left outer join
        Environment environmen3_ 
            on run1_.environment_id=environmen3_.id 
    left outer join
        TestCase testcase4_ 
            on run_testca0_.testCase_id=testcase4_.id 
    left outer join
        TestSuite testsuite5_ 
            on testcase4_.testSuite_id=testsuite5_.id 
    left outer join
        TestResult testresult6_ 
            on run_testca0_.testResult_id=testresult6_.id 
    where
        run_testca0_.testResult_id=?
[2015-07-17 18:23:12,673]DEBUG210108[http-bio-8080-exec-7] - org.hibernate.loader.Loader.processResultSet(Loader.java:952) - Result set row: 0
[2015-07-17 18:23:12,673]DEBUG210108[http-bio-8080-exec-7] - org.hibernate.loader.Loader.getRow(Loader.java:1486) - Result row: EntityKey[com.test.domain.Run#11], null, EntityKey[com.test.domain.Environment#1], EntityKey[com.test.domain.TestCase#13], EntityKey[com.test.domain.TestSuite#1], EntityKey[com.test.domain.TestResult#40], EntityKey[com.test.domain.Run_TestCase_TestResult#40]
[2015-07-17 18:23:12,673]DEBUG210108[http-bio-8080-exec-7] - org.hibernate.loader.Loader.readCollectionElement(Loader.java:1337) - Result set contains (possibly empty) collection: [com.test.domain.Run.children#11]
[2015-07-17 18:23:12,674]DEBUG210109[http-bio-8080-exec-7] - org.hibernate.engine.loading.internal.CollectionLoadContext.endLoadingCollections(CollectionLoadContext.java:227) - No collections were found in result set for role: com.test.domain.Run.children
[2015-07-17 18:23:12,674]DEBUG210109[http-bio-8080-exec-7] - org.hibernate.loader.Loader.loadEntity(Loader.java:2161) - Done entity load
[2015-07-17 18:23:12,674]DEBUG210109[http-bio-8080-exec-7] - org.hibernate.engine.internal.TwoPhaseLoad.doInitializeEntity(TwoPhaseLoad.java:286) - Done materializing entity [com.test.domain.TestResult#40]
[2015-07-17 18:23:12,674]DEBUG210109[http-bio-8080-exec-7] - org.hibernate.engine.loading.internal.CollectionLoadContext.endLoadingCollections(CollectionLoadContext.java:234) - 1 collections were found in result set for role: com.test.domain.Run.run_TestCase_TestResults
[2015-07-17 18:23:12,674]DEBUG210109[http-bio-8080-exec-7] - org.hibernate.engine.loading.internal.CollectionLoadContext.endLoadingCollection(CollectionLoadContext.java:282) - Collection fully initialized: [com.test.domain.Run.run_TestCase_TestResults#11]
[2015-07-17 18:23:12,675]DEBUG210110[http-bio-8080-exec-7] - org.hibernate.engine.loading.internal.CollectionLoadContext.endLoadingCollections(CollectionLoadContext.java:242) - 1 collections initialized for role: com.test.domain.Run.run_TestCase_TestResults
[2015-07-17 18:23:12,675]DEBUG210110[http-bio-8080-exec-7] - org.hibernate.loader.collection.plan.AbstractLoadPlanBasedCollectionInitializer.initialize(AbstractLoadPlanBasedCollectionInitializer.java:118) - Done loading collection
[2015-07-17 18:23:12,677]DEBUG210112[http-bio-8080-exec-7] - org.springframework.web.servlet.mvc.method.annotation.AbstractMessageConverterMethodProcessor.writeWithMessageConverters(AbstractMessageConverterMethodProcessor.java:163) - Written [[com.test.dto.ParentRunDTO@34a6dff, com.test.dto.ParentRunDTO@66419ddb, com.test.dto.ParentRunDTO@40324496, com.test.dto.ParentRunDTO@480f033]] as "application/json;charset=UTF-8" using [org.springframework.http.converter.json.MappingJackson2HttpMessageConverter@5590faa9]
[2015-07-17 18:23:12,677]DEBUG210112[http-bio-8080-exec-7] - org.springframework.web.servlet.DispatcherServlet.processDispatchResult(DispatcherServlet.java:1034) - Null ModelAndView returned to DispatcherServlet with name 'dispatcherServlet': assuming HandlerAdapter completed request handling
[2015-07-17 18:23:12,677]DEBUG210112[http-bio-8080-exec-7] - org.springframework.web.servlet.FrameworkServlet.processRequest(FrameworkServlet.java:996) - Successfully completed request
[2015-07-17 18:23:12,677]DEBUG210112[http-bio-8080-exec-7] - org.springframework.orm.jpa.support.OpenEntityManagerInViewFilter.doFilterInternal(OpenEntityManagerInViewFilter.java:186) - Closing JPA EntityManager in OpenEntityManagerInViewFilter
[2015-07-17 18:23:12,677]DEBUG210112[http-bio-8080-exec-7] - org.springframework.orm.jpa.EntityManagerFactoryUtils.closeEntityManager(EntityManagerFactoryUtils.java:432) - Closing JPA EntityManager
[2015-07-17 18:23:12,677]DEBUG210112[http-bio-8080-exec-7] - org.hibernate.engine.jdbc.internal.LogicalConnectionImpl.releaseConnection(LogicalConnectionImpl.java:246) - Releasing JDBC connection
[2015-07-17 18:23:12,677]DEBUG210112[http-bio-8080-exec-7] - org.hibernate.engine.jdbc.internal.LogicalConnectionImpl.releaseConnection(LogicalConnectionImpl.java:264) - Released JDBC connection
